{"C:\\Projects\\React-assignment\\Project02\\spacex-energy-app\\src\\App.tsx": {"path":"C:\\Projects\\React-assignment\\Project02\\spacex-energy-app\\src\\App.tsx","statementMap":{"0":{"start":{"line":13,"column":64},"end":{"line":16,"column":1}},"1":{"start":{"line":14,"column":19},"end":{"line":14,"column":28}},"2":{"start":{"line":15,"column":2},"end":{"line":15,"column":54}},"3":{"start":{"line":18,"column":18},"end":{"line":26,"column":1}},"4":{"start":{"line":19,"column":2},"end":{"line":25,"column":11}},"5":{"start":{"line":28,"column":12},"end":{"line":37,"column":1}},"6":{"start":{"line":29,"column":2},"end":{"line":36,"column":13}}},"fnMap":{"0":{"name":"(anonymous_0)","decl":{"start":{"line":13,"column":64},"end":{"line":13,"column":65}},"loc":{"start":{"line":13,"column":82},"end":{"line":16,"column":1}},"line":13},"1":{"name":"(anonymous_1)","decl":{"start":{"line":18,"column":18},"end":{"line":18,"column":19}},"loc":{"start":{"line":19,"column":2},"end":{"line":25,"column":11}},"line":19},"2":{"name":"(anonymous_2)","decl":{"start":{"line":28,"column":12},"end":{"line":28,"column":13}},"loc":{"start":{"line":29,"column":2},"end":{"line":36,"column":13}},"line":29}},"branchMap":{"0":{"loc":{"start":{"line":15,"column":9},"end":{"line":15,"column":53}},"type":"cond-expr","locations":[{"start":{"line":15,"column":16},"end":{"line":15,"column":31}},{"start":{"line":15,"column":34},"end":{"line":15,"column":53}}],"line":15}},"s":{"0":0,"1":0,"2":0,"3":0,"4":0,"5":0,"6":0},"f":{"0":0,"1":0,"2":0},"b":{"0":[0,0]}}
,"C:\\Projects\\React-assignment\\Project02\\spacex-energy-app\\src\\react-app-env.d.ts": {"path":"C:\\Projects\\React-assignment\\Project02\\spacex-energy-app\\src\\react-app-env.d.ts","statementMap":{},"fnMap":{},"branchMap":{},"s":{},"f":{},"b":{}}
,"C:\\Projects\\React-assignment\\Project02\\spacex-energy-app\\src\\apollo\\client.js": {"path":"C:\\Projects\\React-assignment\\Project02\\spacex-energy-app\\src\\apollo\\client.js","statementMap":{"0":{"start":{"line":3,"column":15},"end":{"line":8,"column":2}}},"fnMap":{},"branchMap":{},"s":{"0":1},"f":{},"b":{},"_coverageSchema":"1a1c01bbd47fc00a2c39e90264f33305004495a9","hash":"deb911b2a1c4bc9fb7c6b6e88dbdcb868156fb1d"}
,"C:\\Projects\\React-assignment\\Project02\\spacex-energy-app\\src\\components\\Dashboard\\Dashboard.tsx": {"path":"C:\\Projects\\React-assignment\\Project02\\spacex-energy-app\\src\\components\\Dashboard\\Dashboard.tsx","statementMap":{"0":{"start":{"line":12,"column":23},"end":{"line":39,"column":1}},"1":{"start":{"line":16,"column":49},"end":{"line":16,"column":67}},"2":{"start":{"line":17,"column":54},"end":{"line":17,"column":113}},"3":{"start":{"line":23,"column":49},"end":{"line":23,"column":82}},"4":{"start":{"line":24,"column":51},"end":{"line":24,"column":86}},"5":{"start":{"line":30,"column":49},"end":{"line":30,"column":83}},"6":{"start":{"line":36,"column":49},"end":{"line":36,"column":85}},"7":{"start":{"line":41,"column":21},"end":{"line":52,"column":1}},"8":{"start":{"line":54,"column":25},"end":{"line":152,"column":1}},"9":{"start":{"line":55,"column":32},"end":{"line":55,"column":45}},"10":{"start":{"line":56,"column":39},"end":{"line":56,"column":88}},"11":{"start":{"line":56,"column":73},"end":{"line":56,"column":87}},"12":{"start":{"line":58,"column":2},"end":{"line":60,"column":17}},"13":{"start":{"line":59,"column":4},"end":{"line":59,"column":30}},"14":{"start":{"line":63,"column":16},"end":{"line":89,"column":16}},"15":{"start":{"line":64,"column":4},"end":{"line":74,"column":5}},"16":{"start":{"line":65,"column":6},"end":{"line":73,"column":8}},"17":{"start":{"line":75,"column":26},"end":{"line":75,"column":41}},"18":{"start":{"line":76,"column":28},"end":{"line":76,"column":90}},"19":{"start":{"line":76,"column":61},"end":{"line":76,"column":82}},"20":{"start":{"line":77,"column":24},"end":{"line":77,"column":87}},"21":{"start":{"line":78,"column":22},"end":{"line":78,"column":114}},"22":{"start":{"line":78,"column":68},"end":{"line":78,"column":110}},"23":{"start":{"line":79,"column":24},"end":{"line":79,"column":73}},"24":{"start":{"line":80,"column":24},"end":{"line":83,"column":9}},"25":{"start":{"line":81,"column":19},"end":{"line":81,"column":53}},"26":{"start":{"line":82,"column":6},"end":{"line":82,"column":47}},"27":{"start":{"line":84,"column":25},"end":{"line":87,"column":9}},"28":{"start":{"line":85,"column":23},"end":{"line":85,"column":65}},"29":{"start":{"line":86,"column":6},"end":{"line":86,"column":84}},"30":{"start":{"line":86,"column":61},"end":{"line":86,"column":79}},"31":{"start":{"line":88,"column":4},"end":{"line":88,"column":110}},"32":{"start":{"line":91,"column":29},"end":{"line":99,"column":16}},"33":{"start":{"line":92,"column":4},"end":{"line":92,"column":54}},"34":{"start":{"line":92,"column":44},"end":{"line":92,"column":54}},"35":{"start":{"line":93,"column":4},"end":{"line":98,"column":8}},"36":{"start":{"line":93,"column":55},"end":{"line":98,"column":5}},"37":{"start":{"line":101,"column":2},"end":{"line":101,"column":100}},"38":{"start":{"line":101,"column":15},"end":{"line":101,"column":100}},"39":{"start":{"line":102,"column":2},"end":{"line":102,"column":89}},"40":{"start":{"line":102,"column":13},"end":{"line":102,"column":89}},"41":{"start":{"line":103,"column":2},"end":{"line":103,"column":102}},"42":{"start":{"line":103,"column":42},"end":{"line":103,"column":102}},"43":{"start":{"line":105,"column":2},"end":{"line":151,"column":4}},"44":{"start":{"line":109,"column":70},"end":{"line":109,"column":86}},"45":{"start":{"line":111,"column":12},"end":{"line":124,"column":19}},"46":{"start":{"line":118,"column":20},"end":{"line":120,"column":33}},"47":{"start":{"line":131,"column":10},"end":{"line":147,"column":17}},"48":{"start":{"line":154,"column":18},"end":{"line":158,"column":1}},"49":{"start":{"line":155,"column":2},"end":{"line":157,"column":8}}},"fnMap":{"0":{"name":"(anonymous_0)","decl":{"start":{"line":16,"column":34},"end":{"line":16,"column":35}},"loc":{"start":{"line":16,"column":49},"end":{"line":16,"column":67}},"line":16},"1":{"name":"(anonymous_1)","decl":{"start":{"line":17,"column":39},"end":{"line":17,"column":40}},"loc":{"start":{"line":17,"column":54},"end":{"line":17,"column":113}},"line":17},"2":{"name":"(anonymous_2)","decl":{"start":{"line":23,"column":34},"end":{"line":23,"column":35}},"loc":{"start":{"line":23,"column":49},"end":{"line":23,"column":82}},"line":23},"3":{"name":"(anonymous_3)","decl":{"start":{"line":24,"column":36},"end":{"line":24,"column":37}},"loc":{"start":{"line":24,"column":51},"end":{"line":24,"column":86}},"line":24},"4":{"name":"(anonymous_4)","decl":{"start":{"line":30,"column":34},"end":{"line":30,"column":35}},"loc":{"start":{"line":30,"column":49},"end":{"line":30,"column":83}},"line":30},"5":{"name":"(anonymous_5)","decl":{"start":{"line":36,"column":34},"end":{"line":36,"column":35}},"loc":{"start":{"line":36,"column":49},"end":{"line":36,"column":85}},"line":36},"6":{"name":"(anonymous_6)","decl":{"start":{"line":54,"column":25},"end":{"line":54,"column":26}},"loc":{"start":{"line":54,"column":31},"end":{"line":152,"column":1}},"line":54},"7":{"name":"(anonymous_7)","decl":{"start":{"line":56,"column":51},"end":{"line":56,"column":52}},"loc":{"start":{"line":56,"column":73},"end":{"line":56,"column":87}},"line":56},"8":{"name":"(anonymous_8)","decl":{"start":{"line":58,"column":12},"end":{"line":58,"column":13}},"loc":{"start":{"line":58,"column":18},"end":{"line":60,"column":3}},"line":58},"9":{"name":"(anonymous_9)","decl":{"start":{"line":63,"column":24},"end":{"line":63,"column":25}},"loc":{"start":{"line":63,"column":30},"end":{"line":89,"column":3}},"line":63},"10":{"name":"(anonymous_10)","decl":{"start":{"line":76,"column":44},"end":{"line":76,"column":45}},"loc":{"start":{"line":76,"column":61},"end":{"line":76,"column":82}},"line":76},"11":{"name":"(anonymous_11)","decl":{"start":{"line":78,"column":38},"end":{"line":78,"column":39}},"loc":{"start":{"line":78,"column":68},"end":{"line":78,"column":110}},"line":78},"12":{"name":"(anonymous_12)","decl":{"start":{"line":80,"column":40},"end":{"line":80,"column":41}},"loc":{"start":{"line":80,"column":70},"end":{"line":83,"column":5}},"line":80},"13":{"name":"(anonymous_13)","decl":{"start":{"line":84,"column":41},"end":{"line":84,"column":42}},"loc":{"start":{"line":84,"column":71},"end":{"line":87,"column":5}},"line":84},"14":{"name":"(anonymous_14)","decl":{"start":{"line":86,"column":35},"end":{"line":86,"column":36}},"loc":{"start":{"line":86,"column":61},"end":{"line":86,"column":79}},"line":86},"15":{"name":"(anonymous_15)","decl":{"start":{"line":91,"column":37},"end":{"line":91,"column":38}},"loc":{"start":{"line":91,"column":43},"end":{"line":99,"column":3}},"line":91},"16":{"name":"(anonymous_16)","decl":{"start":{"line":93,"column":37},"end":{"line":93,"column":38}},"loc":{"start":{"line":93,"column":55},"end":{"line":98,"column":5}},"line":93},"17":{"name":"(anonymous_17)","decl":{"start":{"line":109,"column":59},"end":{"line":109,"column":60}},"loc":{"start":{"line":109,"column":70},"end":{"line":109,"column":86}},"line":109},"18":{"name":"(anonymous_18)","decl":{"start":{"line":110,"column":30},"end":{"line":110,"column":31}},"loc":{"start":{"line":111,"column":12},"end":{"line":124,"column":19}},"line":111},"19":{"name":"(anonymous_19)","decl":{"start":{"line":117,"column":37},"end":{"line":117,"column":38}},"loc":{"start":{"line":118,"column":20},"end":{"line":120,"column":33}},"line":118},"20":{"name":"(anonymous_20)","decl":{"start":{"line":130,"column":26},"end":{"line":130,"column":27}},"loc":{"start":{"line":131,"column":10},"end":{"line":147,"column":17}},"line":131},"21":{"name":"(anonymous_21)","decl":{"start":{"line":154,"column":18},"end":{"line":154,"column":19}},"loc":{"start":{"line":155,"column":2},"end":{"line":157,"column":8}},"line":155}},"branchMap":{"0":{"loc":{"start":{"line":64,"column":4},"end":{"line":74,"column":5}},"type":"if","locations":[{"start":{"line":64,"column":4},"end":{"line":74,"column":5}},{"start":{},"end":{}}],"line":64},"1":{"loc":{"start":{"line":64,"column":8},"end":{"line":64,"column":42}},"type":"binary-expr","locations":[{"start":{"line":64,"column":8},"end":{"line":64,"column":17}},{"start":{"line":64,"column":21},"end":{"line":64,"column":42}}],"line":64},"2":{"loc":{"start":{"line":77,"column":24},"end":{"line":77,"column":87}},"type":"cond-expr","locations":[{"start":{"line":77,"column":45},"end":{"line":77,"column":82}},{"start":{"line":77,"column":86},"end":{"line":77,"column":87}}],"line":77},"3":{"loc":{"start":{"line":78,"column":75},"end":{"line":78,"column":109}},"type":"binary-expr","locations":[{"start":{"line":78,"column":75},"end":{"line":78,"column":104}},{"start":{"line":78,"column":108},"end":{"line":78,"column":109}}],"line":78},"4":{"loc":{"start":{"line":79,"column":24},"end":{"line":79,"column":73}},"type":"cond-expr","locations":[{"start":{"line":79,"column":44},"end":{"line":79,"column":69}},{"start":{"line":79,"column":72},"end":{"line":79,"column":73}}],"line":79},"5":{"loc":{"start":{"line":81,"column":19},"end":{"line":81,"column":53}},"type":"binary-expr","locations":[{"start":{"line":81,"column":19},"end":{"line":81,"column":48}},{"start":{"line":81,"column":52},"end":{"line":81,"column":53}}],"line":81},"6":{"loc":{"start":{"line":85,"column":23},"end":{"line":85,"column":65}},"type":"binary-expr","locations":[{"start":{"line":85,"column":23},"end":{"line":85,"column":59}},{"start":{"line":85,"column":63},"end":{"line":85,"column":65}}],"line":85},"7":{"loc":{"start":{"line":86,"column":69},"end":{"line":86,"column":78}},"type":"binary-expr","locations":[{"start":{"line":86,"column":69},"end":{"line":86,"column":73}},{"start":{"line":86,"column":77},"end":{"line":86,"column":78}}],"line":86},"8":{"loc":{"start":{"line":92,"column":4},"end":{"line":92,"column":54}},"type":"if","locations":[{"start":{"line":92,"column":4},"end":{"line":92,"column":54}},{"start":{},"end":{}}],"line":92},"9":{"loc":{"start":{"line":92,"column":8},"end":{"line":92,"column":42}},"type":"binary-expr","locations":[{"start":{"line":92,"column":8},"end":{"line":92,"column":17}},{"start":{"line":92,"column":21},"end":{"line":92,"column":42}}],"line":92},"10":{"loc":{"start":{"line":95,"column":12},"end":{"line":95,"column":46}},"type":"binary-expr","locations":[{"start":{"line":95,"column":12},"end":{"line":95,"column":41}},{"start":{"line":95,"column":45},"end":{"line":95,"column":46}}],"line":95},"11":{"loc":{"start":{"line":96,"column":16},"end":{"line":96,"column":50}},"type":"binary-expr","locations":[{"start":{"line":96,"column":16},"end":{"line":96,"column":45}},{"start":{"line":96,"column":49},"end":{"line":96,"column":50}}],"line":96},"12":{"loc":{"start":{"line":96,"column":55},"end":{"line":96,"column":89}},"type":"binary-expr","locations":[{"start":{"line":96,"column":55},"end":{"line":96,"column":84}},{"start":{"line":96,"column":88},"end":{"line":96,"column":89}}],"line":96},"13":{"loc":{"start":{"line":101,"column":2},"end":{"line":101,"column":100}},"type":"if","locations":[{"start":{"line":101,"column":2},"end":{"line":101,"column":100}},{"start":{},"end":{}}],"line":101},"14":{"loc":{"start":{"line":102,"column":2},"end":{"line":102,"column":89}},"type":"if","locations":[{"start":{"line":102,"column":2},"end":{"line":102,"column":89}},{"start":{},"end":{}}],"line":102},"15":{"loc":{"start":{"line":103,"column":2},"end":{"line":103,"column":102}},"type":"if","locations":[{"start":{"line":103,"column":2},"end":{"line":103,"column":102}},{"start":{},"end":{}}],"line":103},"16":{"loc":{"start":{"line":103,"column":6},"end":{"line":103,"column":40}},"type":"binary-expr","locations":[{"start":{"line":103,"column":6},"end":{"line":103,"column":15}},{"start":{"line":103,"column":19},"end":{"line":103,"column":40}}],"line":103}},"s":{"0":0,"1":0,"2":0,"3":0,"4":0,"5":0,"6":0,"7":0,"8":0,"9":0,"10":0,"11":0,"12":0,"13":0,"14":0,"15":0,"16":0,"17":0,"18":0,"19":0,"20":0,"21":0,"22":0,"23":0,"24":0,"25":0,"26":0,"27":0,"28":0,"29":0,"30":0,"31":0,"32":0,"33":0,"34":0,"35":0,"36":0,"37":0,"38":0,"39":0,"40":0,"41":0,"42":0,"43":0,"44":0,"45":0,"46":0,"47":0,"48":0,"49":0},"f":{"0":0,"1":0,"2":0,"3":0,"4":0,"5":0,"6":0,"7":0,"8":0,"9":0,"10":0,"11":0,"12":0,"13":0,"14":0,"15":0,"16":0,"17":0,"18":0,"19":0,"20":0,"21":0},"b":{"0":[0,0],"1":[0,0],"2":[0,0],"3":[0,0],"4":[0,0],"5":[0,0],"6":[0,0],"7":[0,0],"8":[0,0],"9":[0,0],"10":[0,0],"11":[0,0],"12":[0,0],"13":[0,0],"14":[0,0],"15":[0,0],"16":[0,0]}}
,"C:\\Projects\\React-assignment\\Project02\\spacex-energy-app\\src\\components\\EnergyInformation\\EnergyInformation.tsx": {"path":"C:\\Projects\\React-assignment\\Project02\\spacex-energy-app\\src\\components\\EnergyInformation\\EnergyInformation.tsx","statementMap":{"0":{"start":{"line":10,"column":23},"end":{"line":10,"column":24}},"1":{"start":{"line":11,"column":22},"end":{"line":17,"column":1}},"2":{"start":{"line":19,"column":26},"end":{"line":204,"column":1}},"3":{"start":{"line":20,"column":32},"end":{"line":20,"column":45}},"4":{"start":{"line":21,"column":23},"end":{"line":21,"column":72}},"5":{"start":{"line":21,"column":57},"end":{"line":21,"column":71}},"6":{"start":{"line":22,"column":26},"end":{"line":22,"column":37}},"7":{"start":{"line":23,"column":40},"end":{"line":23,"column":62}},"8":{"start":{"line":24,"column":40},"end":{"line":24,"column":55}},"9":{"start":{"line":25,"column":32},"end":{"line":31,"column":4}},"10":{"start":{"line":33,"column":2},"end":{"line":35,"column":17}},"11":{"start":{"line":34,"column":4},"end":{"line":34,"column":30}},"12":{"start":{"line":37,"column":23},"end":{"line":41,"column":3}},"13":{"start":{"line":38,"column":4},"end":{"line":40,"column":6}},"14":{"start":{"line":39,"column":6},"end":{"line":39,"column":65}},"15":{"start":{"line":39,"column":41},"end":{"line":39,"column":49}},"16":{"start":{"line":44,"column":29},"end":{"line":44,"column":35}},"17":{"start":{"line":45,"column":27},"end":{"line":45,"column":29}},"18":{"start":{"line":47,"column":24},"end":{"line":68,"column":4}},"19":{"start":{"line":48,"column":26},"end":{"line":48,"column":45}},"20":{"start":{"line":49,"column":21},"end":{"line":49,"column":65}},"21":{"start":{"line":50,"column":23},"end":{"line":50,"column":52}},"22":{"start":{"line":52,"column":32},"end":{"line":54,"column":47}},"23":{"start":{"line":53,"column":68},"end":{"line":53,"column":81}},"24":{"start":{"line":56,"column":20},"end":{"line":56,"column":50}},"25":{"start":{"line":57,"column":26},"end":{"line":57,"column":61}},"26":{"start":{"line":59,"column":4},"end":{"line":67,"column":5}},"27":{"start":{"line":71,"column":23},"end":{"line":77,"column":3}},"28":{"start":{"line":72,"column":4},"end":{"line":76,"column":6}},"29":{"start":{"line":73,"column":20},"end":{"line":73,"column":60}},"30":{"start":{"line":74,"column":26},"end":{"line":74,"column":56}},"31":{"start":{"line":75,"column":6},"end":{"line":75,"column":63}},"32":{"start":{"line":80,"column":21},"end":{"line":80,"column":68}},"33":{"start":{"line":81,"column":19},"end":{"line":81,"column":46}},"34":{"start":{"line":82,"column":26},"end":{"line":82,"column":81}},"35":{"start":{"line":84,"column":27},"end":{"line":84,"column":89}},"36":{"start":{"line":84,"column":61},"end":{"line":84,"column":88}},"37":{"start":{"line":85,"column":22},"end":{"line":85,"column":96}},"38":{"start":{"line":85,"column":68},"end":{"line":85,"column":92}},"39":{"start":{"line":88,"column":29},"end":{"line":91,"column":3}},"40":{"start":{"line":89,"column":4},"end":{"line":89,"column":52}},"41":{"start":{"line":89,"column":24},"end":{"line":89,"column":49}},"42":{"start":{"line":90,"column":4},"end":{"line":90,"column":15}},"43":{"start":{"line":94,"column":17},"end":{"line":94,"column":56}},"44":{"start":{"line":94,"column":50},"end":{"line":94,"column":55}},"45":{"start":{"line":95,"column":22},"end":{"line":95,"column":87}},"46":{"start":{"line":95,"column":41},"end":{"line":95,"column":65}},"47":{"start":{"line":97,"column":26},"end":{"line":99,"column":3}},"48":{"start":{"line":98,"column":4},"end":{"line":98,"column":70}},"49":{"start":{"line":98,"column":27},"end":{"line":98,"column":68}},"50":{"start":{"line":101,"column":28},"end":{"line":103,"column":3}},"51":{"start":{"line":102,"column":4},"end":{"line":102,"column":68}},"52":{"start":{"line":102,"column":27},"end":{"line":102,"column":66}},"53":{"start":{"line":102,"column":45},"end":{"line":102,"column":65}},"54":{"start":{"line":105,"column":2},"end":{"line":203,"column":4}},"55":{"start":{"line":121,"column":29},"end":{"line":121,"column":52}},"56":{"start":{"line":121,"column":49},"end":{"line":121,"column":51}},"57":{"start":{"line":136,"column":31},"end":{"line":136,"column":89}},"58":{"start":{"line":139,"column":20},"end":{"line":139,"column":54}},"59":{"start":{"line":146,"column":22},"end":{"line":154,"column":27}},"60":{"start":{"line":151,"column":41},"end":{"line":151,"column":84}},"61":{"start":{"line":161,"column":18},"end":{"line":174,"column":23}},"62":{"start":{"line":166,"column":40},"end":{"line":166,"column":59}}},"fnMap":{"0":{"name":"(anonymous_0)","decl":{"start":{"line":19,"column":26},"end":{"line":19,"column":27}},"loc":{"start":{"line":19,"column":32},"end":{"line":204,"column":1}},"line":19},"1":{"name":"(anonymous_1)","decl":{"start":{"line":21,"column":35},"end":{"line":21,"column":36}},"loc":{"start":{"line":21,"column":57},"end":{"line":21,"column":71}},"line":21},"2":{"name":"(anonymous_2)","decl":{"start":{"line":33,"column":12},"end":{"line":33,"column":13}},"loc":{"start":{"line":33,"column":18},"end":{"line":35,"column":3}},"line":33},"3":{"name":"(anonymous_3)","decl":{"start":{"line":37,"column":23},"end":{"line":37,"column":24}},"loc":{"start":{"line":37,"column":39},"end":{"line":41,"column":3}},"line":37},"4":{"name":"(anonymous_4)","decl":{"start":{"line":38,"column":19},"end":{"line":38,"column":20}},"loc":{"start":{"line":39,"column":6},"end":{"line":39,"column":65}},"line":39},"5":{"name":"(anonymous_5)","decl":{"start":{"line":39,"column":36},"end":{"line":39,"column":37}},"loc":{"start":{"line":39,"column":41},"end":{"line":39,"column":49}},"line":39},"6":{"name":"(anonymous_6)","decl":{"start":{"line":47,"column":37},"end":{"line":47,"column":38}},"loc":{"start":{"line":47,"column":51},"end":{"line":68,"column":3}},"line":47},"7":{"name":"(anonymous_7)","decl":{"start":{"line":53,"column":46},"end":{"line":53,"column":47}},"loc":{"start":{"line":53,"column":68},"end":{"line":53,"column":81}},"line":53},"8":{"name":"(anonymous_8)","decl":{"start":{"line":71,"column":44},"end":{"line":71,"column":45}},"loc":{"start":{"line":72,"column":4},"end":{"line":76,"column":6}},"line":72},"9":{"name":"(anonymous_9)","decl":{"start":{"line":72,"column":24},"end":{"line":72,"column":25}},"loc":{"start":{"line":72,"column":31},"end":{"line":76,"column":5}},"line":72},"10":{"name":"(anonymous_10)","decl":{"start":{"line":84,"column":48},"end":{"line":84,"column":49}},"loc":{"start":{"line":84,"column":61},"end":{"line":84,"column":88}},"line":84},"11":{"name":"(anonymous_11)","decl":{"start":{"line":85,"column":46},"end":{"line":85,"column":47}},"loc":{"start":{"line":85,"column":68},"end":{"line":85,"column":92}},"line":85},"12":{"name":"(anonymous_12)","decl":{"start":{"line":88,"column":29},"end":{"line":88,"column":30}},"loc":{"start":{"line":88,"column":61},"end":{"line":91,"column":3}},"line":88},"13":{"name":"(anonymous_13)","decl":{"start":{"line":89,"column":15},"end":{"line":89,"column":16}},"loc":{"start":{"line":89,"column":24},"end":{"line":89,"column":49}},"line":89},"14":{"name":"(anonymous_14)","decl":{"start":{"line":94,"column":37},"end":{"line":94,"column":38}},"loc":{"start":{"line":94,"column":50},"end":{"line":94,"column":55}},"line":94},"15":{"name":"(anonymous_15)","decl":{"start":{"line":95,"column":35},"end":{"line":95,"column":36}},"loc":{"start":{"line":95,"column":41},"end":{"line":95,"column":65}},"line":95},"16":{"name":"(anonymous_16)","decl":{"start":{"line":97,"column":26},"end":{"line":97,"column":27}},"loc":{"start":{"line":97,"column":32},"end":{"line":99,"column":3}},"line":97},"17":{"name":"(anonymous_17)","decl":{"start":{"line":98,"column":19},"end":{"line":98,"column":20}},"loc":{"start":{"line":98,"column":27},"end":{"line":98,"column":68}},"line":98},"18":{"name":"(anonymous_18)","decl":{"start":{"line":101,"column":28},"end":{"line":101,"column":29}},"loc":{"start":{"line":101,"column":34},"end":{"line":103,"column":3}},"line":101},"19":{"name":"(anonymous_19)","decl":{"start":{"line":102,"column":19},"end":{"line":102,"column":20}},"loc":{"start":{"line":102,"column":27},"end":{"line":102,"column":66}},"line":102},"20":{"name":"(anonymous_20)","decl":{"start":{"line":102,"column":39},"end":{"line":102,"column":40}},"loc":{"start":{"line":102,"column":45},"end":{"line":102,"column":65}},"line":102},"21":{"name":"(anonymous_21)","decl":{"start":{"line":121,"column":23},"end":{"line":121,"column":24}},"loc":{"start":{"line":121,"column":29},"end":{"line":121,"column":52}},"line":121},"22":{"name":"(anonymous_22)","decl":{"start":{"line":121,"column":44},"end":{"line":121,"column":45}},"loc":{"start":{"line":121,"column":49},"end":{"line":121,"column":51}},"line":121},"23":{"name":"(anonymous_23)","decl":{"start":{"line":136,"column":26},"end":{"line":136,"column":27}},"loc":{"start":{"line":136,"column":31},"end":{"line":136,"column":89}},"line":136},"24":{"name":"(anonymous_24)","decl":{"start":{"line":138,"column":37},"end":{"line":138,"column":38}},"loc":{"start":{"line":139,"column":20},"end":{"line":139,"column":54}},"line":139},"25":{"name":"(anonymous_25)","decl":{"start":{"line":145,"column":39},"end":{"line":145,"column":40}},"loc":{"start":{"line":146,"column":22},"end":{"line":154,"column":27}},"line":146},"26":{"name":"(anonymous_26)","decl":{"start":{"line":151,"column":36},"end":{"line":151,"column":37}},"loc":{"start":{"line":151,"column":41},"end":{"line":151,"column":84}},"line":151},"27":{"name":"(anonymous_27)","decl":{"start":{"line":160,"column":37},"end":{"line":160,"column":38}},"loc":{"start":{"line":161,"column":18},"end":{"line":174,"column":23}},"line":161},"28":{"name":"(anonymous_28)","decl":{"start":{"line":166,"column":34},"end":{"line":166,"column":35}},"loc":{"start":{"line":166,"column":40},"end":{"line":166,"column":59}},"line":166}},"branchMap":{"0":{"loc":{"start":{"line":39,"column":6},"end":{"line":39,"column":65}},"type":"cond-expr","locations":[{"start":{"line":39,"column":25},"end":{"line":39,"column":50}},{"start":{"line":39,"column":53},"end":{"line":39,"column":65}}],"line":39},"1":{"loc":{"start":{"line":52,"column":32},"end":{"line":54,"column":47}},"type":"cond-expr","locations":[{"start":{"line":53,"column":8},"end":{"line":53,"column":85}},{"start":{"line":54,"column":8},"end":{"line":54,"column":47}}],"line":52},"2":{"loc":{"start":{"line":73,"column":27},"end":{"line":73,"column":45}},"type":"binary-expr","locations":[{"start":{"line":73,"column":27},"end":{"line":73,"column":39}},{"start":{"line":73,"column":43},"end":{"line":73,"column":45}}],"line":73},"3":{"loc":{"start":{"line":75,"column":13},"end":{"line":75,"column":62}},"type":"binary-expr","locations":[{"start":{"line":75,"column":13},"end":{"line":75,"column":31}},{"start":{"line":75,"column":35},"end":{"line":75,"column":62}}],"line":75},"4":{"loc":{"start":{"line":95,"column":22},"end":{"line":95,"column":87}},"type":"binary-expr","locations":[{"start":{"line":95,"column":22},"end":{"line":95,"column":66}},{"start":{"line":95,"column":70},"end":{"line":95,"column":87}}],"line":95},"5":{"loc":{"start":{"line":120,"column":21},"end":{"line":120,"column":66}},"type":"cond-expr","locations":[{"start":{"line":120,"column":35},"end":{"line":120,"column":49}},{"start":{"line":120,"column":52},"end":{"line":120,"column":66}}],"line":120},"6":{"loc":{"start":{"line":136,"column":31},"end":{"line":136,"column":89}},"type":"cond-expr","locations":[{"start":{"line":136,"column":50},"end":{"line":136,"column":67}},{"start":{"line":136,"column":70},"end":{"line":136,"column":89}}],"line":136},"7":{"loc":{"start":{"line":142,"column":17},"end":{"line":157,"column":17}},"type":"binary-expr","locations":[{"start":{"line":142,"column":17},"end":{"line":142,"column":28}},{"start":{"line":143,"column":18},"end":{"line":156,"column":23}}],"line":142},"8":{"loc":{"start":{"line":161,"column":90},"end":{"line":161,"column":139}},"type":"cond-expr","locations":[{"start":{"line":161,"column":120},"end":{"line":161,"column":129}},{"start":{"line":161,"column":132},"end":{"line":161,"column":139}}],"line":161},"9":{"loc":{"start":{"line":189,"column":29},"end":{"line":189,"column":101}},"type":"cond-expr","locations":[{"start":{"line":189,"column":55},"end":{"line":189,"column":95}},{"start":{"line":189,"column":98},"end":{"line":189,"column":101}}],"line":189},"10":{"loc":{"start":{"line":192,"column":11},"end":{"line":198,"column":11}},"type":"binary-expr","locations":[{"start":{"line":192,"column":11},"end":{"line":192,"column":38}},{"start":{"line":193,"column":12},"end":{"line":197,"column":15}}],"line":192},"11":{"loc":{"start":{"line":199,"column":11},"end":{"line":199,"column":85}},"type":"binary-expr","locations":[{"start":{"line":199,"column":11},"end":{"line":199,"column":40}},{"start":{"line":199,"column":44},"end":{"line":199,"column":85}}],"line":199}},"s":{"0":0,"1":0,"2":0,"3":0,"4":0,"5":0,"6":0,"7":0,"8":0,"9":0,"10":0,"11":0,"12":0,"13":0,"14":0,"15":0,"16":0,"17":0,"18":0,"19":0,"20":0,"21":0,"22":0,"23":0,"24":0,"25":0,"26":0,"27":0,"28":0,"29":0,"30":0,"31":0,"32":0,"33":0,"34":0,"35":0,"36":0,"37":0,"38":0,"39":0,"40":0,"41":0,"42":0,"43":0,"44":0,"45":0,"46":0,"47":0,"48":0,"49":0,"50":0,"51":0,"52":0,"53":0,"54":0,"55":0,"56":0,"57":0,"58":0,"59":0,"60":0,"61":0,"62":0},"f":{"0":0,"1":0,"2":0,"3":0,"4":0,"5":0,"6":0,"7":0,"8":0,"9":0,"10":0,"11":0,"12":0,"13":0,"14":0,"15":0,"16":0,"17":0,"18":0,"19":0,"20":0,"21":0,"22":0,"23":0,"24":0,"25":0,"26":0,"27":0,"28":0},"b":{"0":[0,0],"1":[0,0],"2":[0,0],"3":[0,0],"4":[0,0],"5":[0,0],"6":[0,0],"7":[0,0],"8":[0,0],"9":[0,0],"10":[0,0],"11":[0,0]}}
,"C:\\Projects\\React-assignment\\Project02\\spacex-energy-app\\src\\components\\LaunchChart\\LaunchChart.tsx": {"path":"C:\\Projects\\React-assignment\\Project02\\spacex-energy-app\\src\\components\\LaunchChart\\LaunchChart.tsx","statementMap":{"0":{"start":{"line":5,"column":24},"end":{"line":12,"column":3}},"1":{"start":{"line":7,"column":50},"end":{"line":7,"column":63}},"2":{"start":{"line":14,"column":26},"end":{"line":27,"column":3}},"3":{"start":{"line":17,"column":37},"end":{"line":17,"column":47}},"4":{"start":{"line":21,"column":37},"end":{"line":21,"column":43}},"5":{"start":{"line":25,"column":37},"end":{"line":25,"column":53}},"6":{"start":{"line":29,"column":2},"end":{"line":33,"column":4}},"7":{"start":{"line":38,"column":24},"end":{"line":110,"column":5}},"8":{"start":{"line":51,"column":63},"end":{"line":51,"column":72}},"9":{"start":{"line":72,"column":42},"end":{"line":72,"column":58}},"10":{"start":{"line":93,"column":14},"end":{"line":100,"column":15}},"11":{"start":{"line":95,"column":18},"end":{"line":95,"column":60}},"12":{"start":{"line":97,"column":18},"end":{"line":97,"column":57}},"13":{"start":{"line":99,"column":16},"end":{"line":99,"column":40}},"14":{"start":{"line":112,"column":26},"end":{"line":121,"column":5}},"15":{"start":{"line":115,"column":59},"end":{"line":115,"column":70}},"16":{"start":{"line":119,"column":57},"end":{"line":119,"column":66}},"17":{"start":{"line":123,"column":2},"end":{"line":125,"column":4}}},"fnMap":{"0":{"name":"LaunchChart","decl":{"start":{"line":4,"column":16},"end":{"line":4,"column":27}},"loc":{"start":{"line":4,"column":47},"end":{"line":34,"column":1}},"line":4},"1":{"name":"(anonymous_1)","decl":{"start":{"line":7,"column":38},"end":{"line":7,"column":39}},"loc":{"start":{"line":7,"column":50},"end":{"line":7,"column":63}},"line":7},"2":{"name":"(anonymous_2)","decl":{"start":{"line":17,"column":25},"end":{"line":17,"column":26}},"loc":{"start":{"line":17,"column":37},"end":{"line":17,"column":47}},"line":17},"3":{"name":"(anonymous_3)","decl":{"start":{"line":21,"column":25},"end":{"line":21,"column":26}},"loc":{"start":{"line":21,"column":37},"end":{"line":21,"column":43}},"line":21},"4":{"name":"(anonymous_4)","decl":{"start":{"line":25,"column":25},"end":{"line":25,"column":26}},"loc":{"start":{"line":25,"column":37},"end":{"line":25,"column":53}},"line":25},"5":{"name":"EnergyChart","decl":{"start":{"line":37,"column":16},"end":{"line":37,"column":27}},"loc":{"start":{"line":37,"column":68},"end":{"line":126,"column":1}},"line":37},"6":{"name":"(anonymous_6)","decl":{"start":{"line":51,"column":35},"end":{"line":51,"column":36}},"loc":{"start":{"line":51,"column":63},"end":{"line":51,"column":72}},"line":51},"7":{"name":"(anonymous_7)","decl":{"start":{"line":72,"column":23},"end":{"line":72,"column":24}},"loc":{"start":{"line":72,"column":42},"end":{"line":72,"column":58}},"line":72},"8":{"name":"(anonymous_8)","decl":{"start":{"line":92,"column":23},"end":{"line":92,"column":24}},"loc":{"start":{"line":92,"column":42},"end":{"line":101,"column":13}},"line":92},"9":{"name":"(anonymous_9)","decl":{"start":{"line":115,"column":29},"end":{"line":115,"column":30}},"loc":{"start":{"line":115,"column":59},"end":{"line":115,"column":70}},"line":115},"10":{"name":"(anonymous_10)","decl":{"start":{"line":119,"column":29},"end":{"line":119,"column":30}},"loc":{"start":{"line":119,"column":57},"end":{"line":119,"column":66}},"line":119}},"branchMap":{"0":{"loc":{"start":{"line":37,"column":42},"end":{"line":37,"column":59}},"type":"default-arg","locations":[{"start":{"line":37,"column":54},"end":{"line":37,"column":59}}],"line":37},"1":{"loc":{"start":{"line":93,"column":14},"end":{"line":100,"column":15}},"type":"switch","locations":[{"start":{"line":94,"column":16},"end":{"line":95,"column":60}},{"start":{"line":96,"column":16},"end":{"line":97,"column":57}},{"start":{"line":98,"column":16},"end":{"line":99,"column":40}}],"line":93}},"s":{"0":0,"1":0,"2":0,"3":0,"4":0,"5":0,"6":0,"7":0,"8":0,"9":0,"10":0,"11":0,"12":0,"13":0,"14":0,"15":0,"16":0,"17":0},"f":{"0":0,"1":0,"2":0,"3":0,"4":0,"5":0,"6":0,"7":0,"8":0,"9":0,"10":0},"b":{"0":[0],"1":[0,0,0]}}
,"C:\\Projects\\React-assignment\\Project02\\spacex-energy-app\\src\\components\\Launches\\Launches.tsx": {"path":"C:\\Projects\\React-assignment\\Project02\\spacex-energy-app\\src\\components\\Launches\\Launches.tsx","statementMap":{"0":{"start":{"line":10,"column":23},"end":{"line":10,"column":24}},"1":{"start":{"line":12,"column":25},"end":{"line":69,"column":1}},"2":{"start":{"line":13,"column":32},"end":{"line":13,"column":45}},"3":{"start":{"line":14,"column":39},"end":{"line":14,"column":88}},"4":{"start":{"line":14,"column":73},"end":{"line":14,"column":87}},"5":{"start":{"line":15,"column":26},"end":{"line":15,"column":37}},"6":{"start":{"line":17,"column":2},"end":{"line":19,"column":17}},"7":{"start":{"line":18,"column":4},"end":{"line":18,"column":30}},"8":{"start":{"line":21,"column":21},"end":{"line":21,"column":91}},"9":{"start":{"line":21,"column":35},"end":{"line":21,"column":78}},"10":{"start":{"line":22,"column":19},"end":{"line":22,"column":69}},"11":{"start":{"line":22,"column":33},"end":{"line":22,"column":60}},"12":{"start":{"line":23,"column":26},"end":{"line":23,"column":114}},"13":{"start":{"line":23,"column":40},"end":{"line":23,"column":91}},"14":{"start":{"line":24,"column":27},"end":{"line":26,"column":8}},"15":{"start":{"line":25,"column":4},"end":{"line":25,"column":21}},"16":{"start":{"line":28,"column":2},"end":{"line":28,"column":40}},"17":{"start":{"line":28,"column":15},"end":{"line":28,"column":40}},"18":{"start":{"line":29,"column":2},"end":{"line":29,"column":42}},"19":{"start":{"line":29,"column":13},"end":{"line":29,"column":42}},"20":{"start":{"line":31,"column":2},"end":{"line":68,"column":4}},"21":{"start":{"line":42,"column":10},"end":{"line":59,"column":16}},"22":{"start":{"line":71,"column":17},"end":{"line":76,"column":1}},"23":{"start":{"line":72,"column":2},"end":{"line":75,"column":8}}},"fnMap":{"0":{"name":"(anonymous_0)","decl":{"start":{"line":12,"column":25},"end":{"line":12,"column":26}},"loc":{"start":{"line":12,"column":31},"end":{"line":69,"column":1}},"line":12},"1":{"name":"(anonymous_1)","decl":{"start":{"line":14,"column":51},"end":{"line":14,"column":52}},"loc":{"start":{"line":14,"column":73},"end":{"line":14,"column":87}},"line":14},"2":{"name":"(anonymous_2)","decl":{"start":{"line":17,"column":12},"end":{"line":17,"column":13}},"loc":{"start":{"line":17,"column":18},"end":{"line":19,"column":3}},"line":17},"3":{"name":"(anonymous_3)","decl":{"start":{"line":21,"column":29},"end":{"line":21,"column":30}},"loc":{"start":{"line":21,"column":35},"end":{"line":21,"column":78}},"line":21},"4":{"name":"(anonymous_4)","decl":{"start":{"line":22,"column":27},"end":{"line":22,"column":28}},"loc":{"start":{"line":22,"column":33},"end":{"line":22,"column":60}},"line":22},"5":{"name":"(anonymous_5)","decl":{"start":{"line":23,"column":34},"end":{"line":23,"column":35}},"loc":{"start":{"line":23,"column":40},"end":{"line":23,"column":91}},"line":23},"6":{"name":"(anonymous_6)","decl":{"start":{"line":24,"column":39},"end":{"line":24,"column":40}},"loc":{"start":{"line":24,"column":60},"end":{"line":26,"column":3}},"line":24},"7":{"name":"(anonymous_7)","decl":{"start":{"line":41,"column":29},"end":{"line":41,"column":30}},"loc":{"start":{"line":42,"column":10},"end":{"line":59,"column":16}},"line":42},"8":{"name":"(anonymous_8)","decl":{"start":{"line":71,"column":17},"end":{"line":71,"column":18}},"loc":{"start":{"line":72,"column":2},"end":{"line":75,"column":8}},"line":72}},"branchMap":{"0":{"loc":{"start":{"line":28,"column":2},"end":{"line":28,"column":40}},"type":"if","locations":[{"start":{"line":28,"column":2},"end":{"line":28,"column":40}},{"start":{},"end":{}}],"line":28},"1":{"loc":{"start":{"line":29,"column":2},"end":{"line":29,"column":42}},"type":"if","locations":[{"start":{"line":29,"column":2},"end":{"line":29,"column":42}},{"start":{},"end":{}}],"line":29}},"s":{"0":0,"1":0,"2":0,"3":0,"4":0,"5":0,"6":0,"7":0,"8":0,"9":0,"10":0,"11":0,"12":0,"13":0,"14":0,"15":0,"16":0,"17":0,"18":0,"19":0,"20":0,"21":0,"22":0,"23":0},"f":{"0":0,"1":0,"2":0,"3":0,"4":0,"5":0,"6":0,"7":0,"8":0},"b":{"0":[0,0],"1":[0,0]}}
,"C:\\Projects\\React-assignment\\Project02\\spacex-energy-app\\src\\components\\Login\\AuthContext.tsx": {"path":"C:\\Projects\\React-assignment\\Project02\\spacex-energy-app\\src\\components\\Login\\AuthContext.tsx","statementMap":{"0":{"start":{"line":14,"column":20},"end":{"line":20,"column":2}},"1":{"start":{"line":22,"column":23},"end":{"line":22,"column":52}},"2":{"start":{"line":22,"column":29},"end":{"line":22,"column":52}},"3":{"start":{"line":24,"column":69},"end":{"line":72,"column":1}},"4":{"start":{"line":25,"column":26},"end":{"line":28,"column":4}},"5":{"start":{"line":26,"column":19},"end":{"line":26,"column":57}},"6":{"start":{"line":27,"column":4},"end":{"line":27,"column":46}},"7":{"start":{"line":29,"column":28},"end":{"line":29,"column":57}},"8":{"start":{"line":31,"column":2},"end":{"line":37,"column":13}},"9":{"start":{"line":32,"column":4},"end":{"line":36,"column":5}},"10":{"start":{"line":33,"column":6},"end":{"line":33,"column":67}},"11":{"start":{"line":35,"column":6},"end":{"line":35,"column":48}},"12":{"start":{"line":39,"column":21},"end":{"line":42,"column":8}},"13":{"start":{"line":39,"column":35},"end":{"line":42,"column":3}},"14":{"start":{"line":44,"column":16},"end":{"line":55,"column":18}},"15":{"start":{"line":45,"column":18},"end":{"line":47,"column":5}},"16":{"start":{"line":46,"column":14},"end":{"line":46,"column":70}},"17":{"start":{"line":48,"column":4},"end":{"line":54,"column":5}},"18":{"start":{"line":49,"column":6},"end":{"line":49,"column":74}},"19":{"start":{"line":50,"column":6},"end":{"line":50,"column":21}},"20":{"start":{"line":52,"column":6},"end":{"line":52,"column":20}},"21":{"start":{"line":53,"column":6},"end":{"line":53,"column":48}},"22":{"start":{"line":57,"column":17},"end":{"line":61,"column":8}},"23":{"start":{"line":58,"column":4},"end":{"line":58,"column":18}},"24":{"start":{"line":59,"column":4},"end":{"line":59,"column":19}},"25":{"start":{"line":60,"column":4},"end":{"line":60,"column":46}},"26":{"start":{"line":63,"column":21},"end":{"line":63,"column":58}},"27":{"start":{"line":63,"column":39},"end":{"line":63,"column":53}},"28":{"start":{"line":65,"column":23},"end":{"line":65,"column":124}},"29":{"start":{"line":65,"column":38},"end":{"line":65,"column":80}},"30":{"start":{"line":67,"column":2},"end":{"line":71,"column":4}}},"fnMap":{"0":{"name":"(anonymous_0)","decl":{"start":{"line":16,"column":9},"end":{"line":16,"column":10}},"loc":{"start":{"line":16,"column":15},"end":{"line":16,"column":17}},"line":16},"1":{"name":"(anonymous_1)","decl":{"start":{"line":17,"column":10},"end":{"line":17,"column":11}},"loc":{"start":{"line":17,"column":16},"end":{"line":17,"column":18}},"line":17},"2":{"name":"(anonymous_2)","decl":{"start":{"line":19,"column":14},"end":{"line":19,"column":15}},"loc":{"start":{"line":19,"column":20},"end":{"line":19,"column":22}},"line":19},"3":{"name":"(anonymous_3)","decl":{"start":{"line":22,"column":23},"end":{"line":22,"column":24}},"loc":{"start":{"line":22,"column":29},"end":{"line":22,"column":52}},"line":22},"4":{"name":"(anonymous_4)","decl":{"start":{"line":24,"column":69},"end":{"line":24,"column":70}},"loc":{"start":{"line":24,"column":85},"end":{"line":72,"column":1}},"line":24},"5":{"name":"(anonymous_5)","decl":{"start":{"line":25,"column":41},"end":{"line":25,"column":42}},"loc":{"start":{"line":25,"column":47},"end":{"line":28,"column":3}},"line":25},"6":{"name":"(anonymous_6)","decl":{"start":{"line":31,"column":12},"end":{"line":31,"column":13}},"loc":{"start":{"line":31,"column":18},"end":{"line":37,"column":3}},"line":31},"7":{"name":"(anonymous_7)","decl":{"start":{"line":39,"column":29},"end":{"line":39,"column":30}},"loc":{"start":{"line":39,"column":35},"end":{"line":42,"column":3}},"line":39},"8":{"name":"(anonymous_8)","decl":{"start":{"line":44,"column":28},"end":{"line":44,"column":29}},"loc":{"start":{"line":44,"column":68},"end":{"line":55,"column":3}},"line":44},"9":{"name":"(anonymous_9)","decl":{"start":{"line":46,"column":6},"end":{"line":46,"column":7}},"loc":{"start":{"line":46,"column":14},"end":{"line":46,"column":70}},"line":46},"10":{"name":"(anonymous_10)","decl":{"start":{"line":57,"column":29},"end":{"line":57,"column":30}},"loc":{"start":{"line":57,"column":35},"end":{"line":61,"column":3}},"line":57},"11":{"name":"(anonymous_11)","decl":{"start":{"line":63,"column":33},"end":{"line":63,"column":34}},"loc":{"start":{"line":63,"column":39},"end":{"line":63,"column":53}},"line":63},"12":{"name":"(anonymous_12)","decl":{"start":{"line":65,"column":31},"end":{"line":65,"column":32}},"loc":{"start":{"line":65,"column":38},"end":{"line":65,"column":80}},"line":65}},"branchMap":{"0":{"loc":{"start":{"line":27,"column":11},"end":{"line":27,"column":45}},"type":"cond-expr","locations":[{"start":{"line":27,"column":20},"end":{"line":27,"column":38}},{"start":{"line":27,"column":41},"end":{"line":27,"column":45}}],"line":27},"1":{"loc":{"start":{"line":32,"column":4},"end":{"line":36,"column":5}},"type":"if","locations":[{"start":{"line":32,"column":4},"end":{"line":36,"column":5}},{"start":{"line":34,"column":11},"end":{"line":36,"column":5}}],"line":32},"2":{"loc":{"start":{"line":46,"column":14},"end":{"line":46,"column":70}},"type":"binary-expr","locations":[{"start":{"line":46,"column":14},"end":{"line":46,"column":40}},{"start":{"line":46,"column":44},"end":{"line":46,"column":70}}],"line":46},"3":{"loc":{"start":{"line":48,"column":4},"end":{"line":54,"column":5}},"type":"if","locations":[{"start":{"line":48,"column":4},"end":{"line":54,"column":5}},{"start":{"line":51,"column":11},"end":{"line":54,"column":5}}],"line":48}},"s":{"0":0,"1":0,"2":0,"3":0,"4":0,"5":0,"6":0,"7":0,"8":0,"9":0,"10":0,"11":0,"12":0,"13":0,"14":0,"15":0,"16":0,"17":0,"18":0,"19":0,"20":0,"21":0,"22":0,"23":0,"24":0,"25":0,"26":0,"27":0,"28":0,"29":0,"30":0},"f":{"0":0,"1":0,"2":0,"3":0,"4":0,"5":0,"6":0,"7":0,"8":0,"9":0,"10":0,"11":0,"12":0},"b":{"0":[0,0],"1":[0,0],"2":[0,0],"3":[0,0]}}
,"C:\\Projects\\React-assignment\\Project02\\spacex-energy-app\\src\\components\\Login\\Login.tsx": {"path":"C:\\Projects\\React-assignment\\Project02\\spacex-energy-app\\src\\components\\Login\\Login.tsx","statementMap":{"0":{"start":{"line":5,"column":24},"end":{"line":45,"column":1}},"1":{"start":{"line":6,"column":34},"end":{"line":6,"column":46}},"2":{"start":{"line":7,"column":34},"end":{"line":7,"column":46}},"3":{"start":{"line":8,"column":39},"end":{"line":8,"column":48}},"4":{"start":{"line":9,"column":19},"end":{"line":9,"column":32}},"5":{"start":{"line":11,"column":23},"end":{"line":18,"column":50}},"6":{"start":{"line":12,"column":4},"end":{"line":12,"column":23}},"7":{"start":{"line":13,"column":4},"end":{"line":13,"column":30}},"8":{"start":{"line":15,"column":4},"end":{"line":17,"column":5}},"9":{"start":{"line":16,"column":6},"end":{"line":16,"column":29}},"10":{"start":{"line":20,"column":28},"end":{"line":23,"column":18}},"11":{"start":{"line":20,"column":98},"end":{"line":23,"column":3}},"12":{"start":{"line":21,"column":4},"end":{"line":21,"column":27}},"13":{"start":{"line":22,"column":4},"end":{"line":22,"column":17}},"14":{"start":{"line":25,"column":2},"end":{"line":44,"column":4}}},"fnMap":{"0":{"name":"(anonymous_0)","decl":{"start":{"line":5,"column":24},"end":{"line":5,"column":25}},"loc":{"start":{"line":5,"column":30},"end":{"line":45,"column":1}},"line":5},"1":{"name":"(anonymous_1)","decl":{"start":{"line":11,"column":35},"end":{"line":11,"column":36}},"loc":{"start":{"line":11,"column":59},"end":{"line":18,"column":3}},"line":11},"2":{"name":"(anonymous_2)","decl":{"start":{"line":20,"column":40},"end":{"line":20,"column":41}},"loc":{"start":{"line":20,"column":98},"end":{"line":23,"column":3}},"line":20},"3":{"name":"(anonymous_3)","decl":{"start":{"line":20,"column":98},"end":{"line":20,"column":99}},"loc":{"start":{"line":20,"column":142},"end":{"line":23,"column":3}},"line":20}},"branchMap":{"0":{"loc":{"start":{"line":15,"column":4},"end":{"line":17,"column":5}},"type":"if","locations":[{"start":{"line":15,"column":4},"end":{"line":17,"column":5}},{"start":{},"end":{}}],"line":15},"1":{"loc":{"start":{"line":15,"column":8},"end":{"line":15,"column":64}},"type":"binary-expr","locations":[{"start":{"line":15,"column":8},"end":{"line":15,"column":14}},{"start":{"line":15,"column":19},"end":{"line":15,"column":39}},{"start":{"line":15,"column":43},"end":{"line":15,"column":63}}],"line":15},"2":{"loc":{"start":{"line":41,"column":7},"end":{"line":41,"column":78}},"type":"binary-expr","locations":[{"start":{"line":41,"column":7},"end":{"line":41,"column":12}},{"start":{"line":41,"column":16},"end":{"line":41,"column":78}}],"line":41}},"s":{"0":0,"1":0,"2":0,"3":0,"4":0,"5":0,"6":0,"7":0,"8":0,"9":0,"10":0,"11":0,"12":0,"13":0,"14":0},"f":{"0":0,"1":0,"2":0,"3":0},"b":{"0":[0,0],"1":[0,0,0],"2":[0,0]}}
,"C:\\Projects\\React-assignment\\Project02\\spacex-energy-app\\src\\components\\Navigation\\Navigation.tsx": {"path":"C:\\Projects\\React-assignment\\Project02\\spacex-energy-app\\src\\components\\Navigation\\Navigation.tsx","statementMap":{"0":{"start":{"line":6,"column":19},"end":{"line":92,"column":1}},"1":{"start":{"line":7,"column":40},"end":{"line":7,"column":55}},"2":{"start":{"line":8,"column":40},"end":{"line":8,"column":55}},"3":{"start":{"line":9,"column":34},"end":{"line":9,"column":49}},"4":{"start":{"line":10,"column":27},"end":{"line":10,"column":36}},"5":{"start":{"line":11,"column":19},"end":{"line":11,"column":32}},"6":{"start":{"line":13,"column":2},"end":{"line":13,"column":25}},"7":{"start":{"line":13,"column":13},"end":{"line":13,"column":25}},"8":{"start":{"line":16,"column":24},"end":{"line":16,"column":58}},"9":{"start":{"line":16,"column":30},"end":{"line":16,"column":58}},"10":{"start":{"line":17,"column":24},"end":{"line":17,"column":58}},"11":{"start":{"line":17,"column":30},"end":{"line":17,"column":58}},"12":{"start":{"line":18,"column":21},"end":{"line":18,"column":49}},"13":{"start":{"line":18,"column":27},"end":{"line":18,"column":49}},"14":{"start":{"line":21,"column":25},"end":{"line":25,"column":3}},"15":{"start":{"line":22,"column":4},"end":{"line":22,"column":23}},"16":{"start":{"line":23,"column":4},"end":{"line":23,"column":26}},"17":{"start":{"line":24,"column":4},"end":{"line":24,"column":26}},"18":{"start":{"line":27,"column":2},"end":{"line":91,"column":4}},"19":{"start":{"line":49,"column":30},"end":{"line":49,"column":77}},"20":{"start":{"line":50,"column":30},"end":{"line":50,"column":78}},"21":{"start":{"line":70,"column":30},"end":{"line":70,"column":77}},"22":{"start":{"line":71,"column":30},"end":{"line":71,"column":78}},"23":{"start":{"line":79,"column":18},"end":{"line":79,"column":27}},"24":{"start":{"line":80,"column":18},"end":{"line":80,"column":32}},"25":{"start":{"line":81,"column":18},"end":{"line":81,"column":35}}},"fnMap":{"0":{"name":"(anonymous_0)","decl":{"start":{"line":6,"column":19},"end":{"line":6,"column":20}},"loc":{"start":{"line":6,"column":25},"end":{"line":92,"column":1}},"line":6},"1":{"name":"(anonymous_1)","decl":{"start":{"line":16,"column":24},"end":{"line":16,"column":25}},"loc":{"start":{"line":16,"column":30},"end":{"line":16,"column":58}},"line":16},"2":{"name":"(anonymous_2)","decl":{"start":{"line":17,"column":24},"end":{"line":17,"column":25}},"loc":{"start":{"line":17,"column":30},"end":{"line":17,"column":58}},"line":17},"3":{"name":"(anonymous_3)","decl":{"start":{"line":18,"column":21},"end":{"line":18,"column":22}},"loc":{"start":{"line":18,"column":27},"end":{"line":18,"column":49}},"line":18},"4":{"name":"(anonymous_4)","decl":{"start":{"line":21,"column":25},"end":{"line":21,"column":26}},"loc":{"start":{"line":21,"column":31},"end":{"line":25,"column":3}},"line":21},"5":{"name":"(anonymous_5)","decl":{"start":{"line":49,"column":24},"end":{"line":49,"column":25}},"loc":{"start":{"line":49,"column":30},"end":{"line":49,"column":77}},"line":49},"6":{"name":"(anonymous_6)","decl":{"start":{"line":50,"column":24},"end":{"line":50,"column":25}},"loc":{"start":{"line":50,"column":30},"end":{"line":50,"column":78}},"line":50},"7":{"name":"(anonymous_7)","decl":{"start":{"line":70,"column":24},"end":{"line":70,"column":25}},"loc":{"start":{"line":70,"column":30},"end":{"line":70,"column":77}},"line":70},"8":{"name":"(anonymous_8)","decl":{"start":{"line":71,"column":24},"end":{"line":71,"column":25}},"loc":{"start":{"line":71,"column":30},"end":{"line":71,"column":78}},"line":71},"9":{"name":"(anonymous_9)","decl":{"start":{"line":78,"column":25},"end":{"line":78,"column":26}},"loc":{"start":{"line":78,"column":31},"end":{"line":82,"column":17}},"line":78}},"branchMap":{"0":{"loc":{"start":{"line":13,"column":2},"end":{"line":13,"column":25}},"type":"if","locations":[{"start":{"line":13,"column":2},"end":{"line":13,"column":25}},{"start":{},"end":{}}],"line":13},"1":{"loc":{"start":{"line":36,"column":25},"end":{"line":36,"column":54}},"type":"cond-expr","locations":[{"start":{"line":36,"column":36},"end":{"line":36,"column":46}},{"start":{"line":36,"column":49},"end":{"line":36,"column":54}}],"line":36},"2":{"loc":{"start":{"line":37,"column":25},"end":{"line":37,"column":54}},"type":"cond-expr","locations":[{"start":{"line":37,"column":36},"end":{"line":37,"column":46}},{"start":{"line":37,"column":49},"end":{"line":37,"column":54}}],"line":37},"3":{"loc":{"start":{"line":38,"column":25},"end":{"line":38,"column":54}},"type":"cond-expr","locations":[{"start":{"line":38,"column":36},"end":{"line":38,"column":46}},{"start":{"line":38,"column":49},"end":{"line":38,"column":54}}],"line":38},"4":{"loc":{"start":{"line":41,"column":35},"end":{"line":41,"column":57}},"type":"cond-expr","locations":[{"start":{"line":41,"column":46},"end":{"line":41,"column":52}},{"start":{"line":41,"column":55},"end":{"line":41,"column":57}}],"line":41},"5":{"loc":{"start":{"line":49,"column":30},"end":{"line":49,"column":77}},"type":"binary-expr","locations":[{"start":{"line":49,"column":30},"end":{"line":49,"column":53}},{"start":{"line":49,"column":57},"end":{"line":49,"column":77}}],"line":49},"6":{"loc":{"start":{"line":50,"column":30},"end":{"line":50,"column":78}},"type":"binary-expr","locations":[{"start":{"line":50,"column":30},"end":{"line":50,"column":53}},{"start":{"line":50,"column":57},"end":{"line":50,"column":78}}],"line":50},"7":{"loc":{"start":{"line":52,"column":38},"end":{"line":52,"column":66}},"type":"cond-expr","locations":[{"start":{"line":52,"column":52},"end":{"line":52,"column":61}},{"start":{"line":52,"column":64},"end":{"line":52,"column":66}}],"line":52},"8":{"loc":{"start":{"line":55,"column":11},"end":{"line":64,"column":11}},"type":"binary-expr","locations":[{"start":{"line":55,"column":11},"end":{"line":55,"column":22}},{"start":{"line":56,"column":12},"end":{"line":63,"column":18}}],"line":55},"9":{"loc":{"start":{"line":70,"column":30},"end":{"line":70,"column":77}},"type":"binary-expr","locations":[{"start":{"line":70,"column":30},"end":{"line":70,"column":53}},{"start":{"line":70,"column":57},"end":{"line":70,"column":77}}],"line":70},"10":{"loc":{"start":{"line":71,"column":30},"end":{"line":71,"column":78}},"type":"binary-expr","locations":[{"start":{"line":71,"column":30},"end":{"line":71,"column":53}},{"start":{"line":71,"column":57},"end":{"line":71,"column":78}}],"line":71},"11":{"loc":{"start":{"line":74,"column":11},"end":{"line":87,"column":11}},"type":"binary-expr","locations":[{"start":{"line":74,"column":11},"end":{"line":74,"column":22}},{"start":{"line":75,"column":12},"end":{"line":86,"column":18}}],"line":74}},"s":{"0":0,"1":0,"2":0,"3":0,"4":0,"5":0,"6":0,"7":0,"8":0,"9":0,"10":0,"11":0,"12":0,"13":0,"14":0,"15":0,"16":0,"17":0,"18":0,"19":0,"20":0,"21":0,"22":0,"23":0,"24":0,"25":0},"f":{"0":0,"1":0,"2":0,"3":0,"4":0,"5":0,"6":0,"7":0,"8":0,"9":0},"b":{"0":[0,0],"1":[0,0],"2":[0,0],"3":[0,0],"4":[0,0],"5":[0,0],"6":[0,0],"7":[0,0],"8":[0,0],"9":[0,0],"10":[0,0],"11":[0,0]}}
,"C:\\Projects\\React-assignment\\Project02\\spacex-energy-app\\src\\components\\Pagination\\Pagination.tsx": {"path":"C:\\Projects\\React-assignment\\Project02\\spacex-energy-app\\src\\components\\Pagination\\Pagination.tsx","statementMap":{"0":{"start":{"line":9,"column":46},"end":{"line":33,"column":1}},"1":{"start":{"line":14,"column":2},"end":{"line":32,"column":8}},"2":{"start":{"line":16,"column":21},"end":{"line":16,"column":50}},"3":{"start":{"line":25,"column":21},"end":{"line":25,"column":50}}},"fnMap":{"0":{"name":"(anonymous_0)","decl":{"start":{"line":9,"column":46},"end":{"line":9,"column":47}},"loc":{"start":{"line":14,"column":2},"end":{"line":32,"column":8}},"line":14},"1":{"name":"(anonymous_1)","decl":{"start":{"line":16,"column":15},"end":{"line":16,"column":16}},"loc":{"start":{"line":16,"column":21},"end":{"line":16,"column":50}},"line":16},"2":{"name":"(anonymous_2)","decl":{"start":{"line":25,"column":15},"end":{"line":25,"column":16}},"loc":{"start":{"line":25,"column":21},"end":{"line":25,"column":50}},"line":25}},"branchMap":{"0":{"loc":{"start":{"line":18,"column":17},"end":{"line":18,"column":56}},"type":"cond-expr","locations":[{"start":{"line":18,"column":37},"end":{"line":18,"column":51}},{"start":{"line":18,"column":54},"end":{"line":18,"column":56}}],"line":18},"1":{"loc":{"start":{"line":27,"column":17},"end":{"line":27,"column":65}},"type":"cond-expr","locations":[{"start":{"line":27,"column":46},"end":{"line":27,"column":60}},{"start":{"line":27,"column":63},"end":{"line":27,"column":65}}],"line":27}},"s":{"0":0,"1":0,"2":0,"3":0},"f":{"0":0,"1":0,"2":0},"b":{"0":[0,0],"1":[0,0]}}
,"C:\\Projects\\React-assignment\\Project02\\spacex-energy-app\\src\\graphql\\queries.js": {"path":"C:\\Projects\\React-assignment\\Project02\\spacex-energy-app\\src\\graphql\\queries.js","statementMap":{"0":{"start":{"line":3,"column":28},"end":{"line":24,"column":3}},"1":{"start":{"line":26,"column":36},"end":{"line":48,"column":3}}},"fnMap":{},"branchMap":{},"s":{"0":1,"1":1},"f":{},"b":{},"_coverageSchema":"1a1c01bbd47fc00a2c39e90264f33305004495a9","hash":"b97d58b7836788353edb6ef73f1bdd9d5015800e"}
,"C:\\Projects\\React-assignment\\Project02\\spacex-energy-app\\src\\store\\index.ts": {"path":"C:\\Projects\\React-assignment\\Project02\\spacex-energy-app\\src\\store\\index.ts","statementMap":{"0":{"start":{"line":4,"column":14},"end":{"line":8,"column":2}}},"fnMap":{},"branchMap":{},"s":{"0":0},"f":{},"b":{}}
,"C:\\Projects\\React-assignment\\Project02\\spacex-energy-app\\src\\store\\launchesSlice.ts": {"path":"C:\\Projects\\React-assignment\\Project02\\spacex-energy-app\\src\\store\\launchesSlice.ts","statementMap":{"0":{"start":{"line":5,"column":29},"end":{"line":17,"column":1}},"1":{"start":{"line":8,"column":21},"end":{"line":8,"column":64}},"2":{"start":{"line":9,"column":4},"end":{"line":9,"column":29}},"3":{"start":{"line":19,"column":22},"end":{"line":44,"column":2}},"4":{"start":{"line":29,"column":4},"end":{"line":42,"column":9}},"5":{"start":{"line":31,"column":8},"end":{"line":31,"column":29}},"6":{"start":{"line":32,"column":8},"end":{"line":32,"column":27}},"7":{"start":{"line":35,"column":8},"end":{"line":35,"column":30}},"8":{"start":{"line":36,"column":8},"end":{"line":36,"column":40}},"9":{"start":{"line":40,"column":8},"end":{"line":40,"column":30}},"10":{"start":{"line":41,"column":8},"end":{"line":41,"column":51}}},"fnMap":{"0":{"name":"(anonymous_0)","decl":{"start":{"line":7,"column":2},"end":{"line":7,"column":3}},"loc":{"start":{"line":7,"column":14},"end":{"line":16,"column":3}},"line":7},"1":{"name":"(anonymous_1)","decl":{"start":{"line":28,"column":17},"end":{"line":28,"column":18}},"loc":{"start":{"line":28,"column":28},"end":{"line":43,"column":3}},"line":28},"2":{"name":"(anonymous_2)","decl":{"start":{"line":30,"column":38},"end":{"line":30,"column":39}},"loc":{"start":{"line":30,"column":47},"end":{"line":33,"column":7}},"line":30},"3":{"name":"(anonymous_3)","decl":{"start":{"line":34,"column":40},"end":{"line":34,"column":41}},"loc":{"start":{"line":34,"column":59},"end":{"line":38,"column":7}},"line":34},"4":{"name":"(anonymous_4)","decl":{"start":{"line":39,"column":39},"end":{"line":39,"column":40}},"loc":{"start":{"line":39,"column":58},"end":{"line":42,"column":7}},"line":39}},"branchMap":{"0":{"loc":{"start":{"line":41,"column":22},"end":{"line":41,"column":50}},"type":"binary-expr","locations":[{"start":{"line":41,"column":22},"end":{"line":41,"column":42}},{"start":{"line":41,"column":46},"end":{"line":41,"column":50}}],"line":41}},"s":{"0":1,"1":0,"2":0,"3":1,"4":1,"5":1,"6":1,"7":1,"8":1,"9":2,"10":2},"f":{"0":0,"1":1,"2":1,"3":1,"4":2},"b":{"0":[2,1]},"_coverageSchema":"1a1c01bbd47fc00a2c39e90264f33305004495a9","hash":"210fb5aefebd858264c9b996374bfda710805c8f"}
,"C:\\Projects\\React-assignment\\Project02\\spacex-energy-app\\src\\utils\\energy.ts": {"path":"C:\\Projects\\React-assignment\\Project02\\spacex-energy-app\\src\\utils\\energy.ts","statementMap":{"0":{"start":{"line":2,"column":2},"end":{"line":2,"column":66}},"1":{"start":{"line":2,"column":57},"end":{"line":2,"column":66}},"2":{"start":{"line":3,"column":2},"end":{"line":3,"column":42}},"3":{"start":{"line":13,"column":8},"end":{"line":13,"column":10}},"4":{"start":{"line":15,"column":29},"end":{"line":15,"column":35}},"5":{"start":{"line":16,"column":27},"end":{"line":16,"column":29}},"6":{"start":{"line":18,"column":2},"end":{"line":18,"column":66}},"7":{"start":{"line":18,"column":57},"end":{"line":18,"column":66}},"8":{"start":{"line":20,"column":22},"end":{"line":25,"column":9}},"9":{"start":{"line":21,"column":19},"end":{"line":21,"column":53}},"10":{"start":{"line":22,"column":23},"end":{"line":22,"column":46}},"11":{"start":{"line":23,"column":21},"end":{"line":23,"column":50}},"12":{"start":{"line":24,"column":6},"end":{"line":24,"column":28}},"13":{"start":{"line":27,"column":2},"end":{"line":39,"column":5}},"14":{"start":{"line":28,"column":17},"end":{"line":28,"column":51}},"15":{"start":{"line":29,"column":21},"end":{"line":29,"column":44}},"16":{"start":{"line":30,"column":19},"end":{"line":30,"column":48}},"17":{"start":{"line":31,"column":27},"end":{"line":31,"column":107}},"18":{"start":{"line":31,"column":86},"end":{"line":31,"column":100}},"19":{"start":{"line":32,"column":4},"end":{"line":38,"column":6}},"20":{"start":{"line":40,"column":2},"end":{"line":40,"column":21}}},"fnMap":{"0":{"name":"calculateEnergy","decl":{"start":{"line":1,"column":16},"end":{"line":1,"column":31}},"loc":{"start":{"line":1,"column":88},"end":{"line":4,"column":1}},"line":1},"1":{"name":"calculateTotalEnergy","decl":{"start":{"line":6,"column":16},"end":{"line":6,"column":36}},"loc":{"start":{"line":6,"column":54},"end":{"line":41,"column":1}},"line":6},"2":{"name":"(anonymous_2)","decl":{"start":{"line":20,"column":38},"end":{"line":20,"column":39}},"loc":{"start":{"line":20,"column":70},"end":{"line":25,"column":5}},"line":20},"3":{"name":"(anonymous_3)","decl":{"start":{"line":27,"column":19},"end":{"line":27,"column":20}},"loc":{"start":{"line":27,"column":36},"end":{"line":39,"column":3}},"line":27},"4":{"name":"(anonymous_4)","decl":{"start":{"line":31,"column":69},"end":{"line":31,"column":70}},"loc":{"start":{"line":31,"column":86},"end":{"line":31,"column":100}},"line":31}},"branchMap":{"0":{"loc":{"start":{"line":2,"column":2},"end":{"line":2,"column":66}},"type":"if","locations":[{"start":{"line":2,"column":2},"end":{"line":2,"column":66}},{"start":{},"end":{}}],"line":2},"1":{"loc":{"start":{"line":2,"column":6},"end":{"line":2,"column":55}},"type":"binary-expr","locations":[{"start":{"line":2,"column":6},"end":{"line":2,"column":17}},{"start":{"line":2,"column":21},"end":{"line":2,"column":35}},{"start":{"line":2,"column":39},"end":{"line":2,"column":55}}],"line":2},"2":{"loc":{"start":{"line":18,"column":2},"end":{"line":18,"column":66}},"type":"if","locations":[{"start":{"line":18,"column":2},"end":{"line":18,"column":66}},{"start":{},"end":{}}],"line":18},"3":{"loc":{"start":{"line":18,"column":6},"end":{"line":18,"column":55}},"type":"binary-expr","locations":[{"start":{"line":18,"column":6},"end":{"line":18,"column":30}},{"start":{"line":18,"column":34},"end":{"line":18,"column":55}}],"line":18},"4":{"loc":{"start":{"line":21,"column":19},"end":{"line":21,"column":53}},"type":"binary-expr","locations":[{"start":{"line":21,"column":19},"end":{"line":21,"column":48}},{"start":{"line":21,"column":52},"end":{"line":21,"column":53}}],"line":21},"5":{"loc":{"start":{"line":28,"column":17},"end":{"line":28,"column":51}},"type":"binary-expr","locations":[{"start":{"line":28,"column":17},"end":{"line":28,"column":46}},{"start":{"line":28,"column":50},"end":{"line":28,"column":51}}],"line":28},"6":{"loc":{"start":{"line":31,"column":27},"end":{"line":31,"column":107}},"type":"binary-expr","locations":[{"start":{"line":31,"column":27},"end":{"line":31,"column":101}},{"start":{"line":31,"column":105},"end":{"line":31,"column":107}}],"line":31},"7":{"loc":{"start":{"line":31,"column":86},"end":{"line":31,"column":100}},"type":"binary-expr","locations":[{"start":{"line":31,"column":86},"end":{"line":31,"column":95}},{"start":{"line":31,"column":99},"end":{"line":31,"column":100}}],"line":31}},"s":{"0":7,"1":6,"2":1,"3":0,"4":0,"5":0,"6":0,"7":0,"8":0,"9":0,"10":0,"11":0,"12":0,"13":0,"14":0,"15":0,"16":0,"17":0,"18":0,"19":0,"20":0},"f":{"0":7,"1":0,"2":0,"3":0,"4":0},"b":{"0":[6,1],"1":[7,5,3],"2":[0,0],"3":[0,0],"4":[0,0],"5":[0,0],"6":[0,0],"7":[0,0]},"_coverageSchema":"1a1c01bbd47fc00a2c39e90264f33305004495a9","hash":"13ccdf0c622899c3af2f9fdab5a33a50380d4005"}
}
